2023-01-31 12:20:46,531 Using selector: EpollSelector selector_events.py
2023-01-31 12:23:08,793 Using selector: EpollSelector selector_events.py
2023-01-31 12:23:12,039 in full description process_crawler.py
2023-01-31 12:23:12,039 https://alikhbari.net/archives/28806First process_crawler.py
2023-01-31 12:23:12,056 url inside aajtak_fd>>>> aajtak_fd.py
2023-01-31 12:23:12,063 in full description process_crawler.py
2023-01-31 12:23:12,063 https://alikhbari.net/archives/28803First process_crawler.py
2023-01-31 12:23:12,076 url inside aajtak_fd>>>> aajtak_fd.py
2023-01-31 12:23:12,083 in full description process_crawler.py
2023-01-31 12:23:12,083 https://alikhbari.net/archives/28800First process_crawler.py
2023-01-31 12:23:12,096 url inside aajtak_fd>>>> aajtak_fd.py
2023-01-31 12:23:12,105 in full description process_crawler.py
2023-01-31 12:23:12,106 https://alikhbari.net/archives/28797First process_crawler.py
2023-01-31 12:23:12,127 url inside aajtak_fd>>>> aajtak_fd.py
2023-01-31 12:23:12,135 in full description process_crawler.py
2023-01-31 12:23:12,136 https://alikhbari.net/archives/28794First process_crawler.py
2023-01-31 12:23:12,152 url inside aajtak_fd>>>> aajtak_fd.py
2023-01-31 12:23:12,163 in full description process_crawler.py
2023-01-31 12:23:12,163 https://alikhbari.net/archives/28792First process_crawler.py
2023-01-31 12:23:12,180 url inside aajtak_fd>>>> aajtak_fd.py
2023-01-31 12:23:12,190 in full description process_crawler.py
2023-01-31 12:23:12,192 https://alikhbari.net/archives/28789First process_crawler.py
2023-01-31 12:23:12,208 url inside aajtak_fd>>>> aajtak_fd.py
2023-01-31 12:23:12,217 in full description process_crawler.py
2023-01-31 12:23:12,217 https://alikhbari.net/archives/28783First process_crawler.py
2023-01-31 12:23:12,245 url inside aajtak_fd>>>> aajtak_fd.py
2023-01-31 12:23:12,252 in full description process_crawler.py
2023-01-31 12:23:12,252 https://alikhbari.net/archives/28780First process_crawler.py
2023-01-31 12:23:12,264 url inside aajtak_fd>>>> aajtak_fd.py
2023-01-31 12:23:12,272 in full description process_crawler.py
2023-01-31 12:23:12,272 https://alikhbari.net/archives/28778First process_crawler.py
2023-01-31 12:23:12,289 url inside aajtak_fd>>>> aajtak_fd.py
2023-01-31 12:23:29,356 inside full description aajtak_fd.py
2023-01-31 12:23:31,055 inside full description aajtak_fd.py
2023-01-31 12:23:32,070 inside full description aajtak_fd.py
2023-01-31 12:23:32,649 inside full description aajtak_fd.py
2023-01-31 12:23:33,865 inside full description aajtak_fd.py
2023-01-31 12:23:34,669 inside full description aajtak_fd.py
2023-01-31 12:23:36,543 inside full description aajtak_fd.py
2023-01-31 12:23:37,352 inside full description aajtak_fd.py
2023-01-31 12:23:37,446 inside full description aajtak_fd.py
2023-01-31 12:23:38,258 inside full description aajtak_fd.py
2023-01-31 12:24:16,207 Using selector: EpollSelector selector_events.py
2023-01-31 12:24:19,474 in full description process_crawler.py
2023-01-31 12:24:19,474 https://alikhbari.net/archives/28806First process_crawler.py
2023-01-31 12:24:19,491 url inside aajtak_fd>>>> aajtak_fd.py
2023-01-31 12:24:19,504 in full description process_crawler.py
2023-01-31 12:24:19,505 https://alikhbari.net/archives/28803First process_crawler.py
2023-01-31 12:24:19,519 url inside aajtak_fd>>>> aajtak_fd.py
2023-01-31 12:24:19,528 in full description process_crawler.py
2023-01-31 12:24:19,528 https://alikhbari.net/archives/28800First process_crawler.py
2023-01-31 12:24:19,542 url inside aajtak_fd>>>> aajtak_fd.py
2023-01-31 12:24:19,554 in full description process_crawler.py
2023-01-31 12:24:19,555 https://alikhbari.net/archives/28797First process_crawler.py
2023-01-31 12:24:19,571 url inside aajtak_fd>>>> aajtak_fd.py
2023-01-31 12:24:19,583 in full description process_crawler.py
2023-01-31 12:24:19,584 https://alikhbari.net/archives/28794First process_crawler.py
2023-01-31 12:24:19,604 url inside aajtak_fd>>>> aajtak_fd.py
2023-01-31 12:24:19,612 in full description process_crawler.py
2023-01-31 12:24:19,612 https://alikhbari.net/archives/28792First process_crawler.py
2023-01-31 12:24:19,629 url inside aajtak_fd>>>> aajtak_fd.py
2023-01-31 12:24:19,638 in full description process_crawler.py
2023-01-31 12:24:19,638 https://alikhbari.net/archives/28789First process_crawler.py
2023-01-31 12:24:19,654 url inside aajtak_fd>>>> aajtak_fd.py
2023-01-31 12:24:19,665 in full description process_crawler.py
2023-01-31 12:24:19,667 https://alikhbari.net/archives/28783First process_crawler.py
2023-01-31 12:24:19,682 url inside aajtak_fd>>>> aajtak_fd.py
2023-01-31 12:24:19,689 in full description process_crawler.py
2023-01-31 12:24:19,690 https://alikhbari.net/archives/28780First process_crawler.py
2023-01-31 12:24:19,705 url inside aajtak_fd>>>> aajtak_fd.py
2023-01-31 12:24:19,714 in full description process_crawler.py
2023-01-31 12:24:19,714 https://alikhbari.net/archives/28778First process_crawler.py
2023-01-31 12:24:19,727 url inside aajtak_fd>>>> aajtak_fd.py
2023-01-31 12:24:37,575 inside full description aajtak_fd.py
2023-01-31 12:24:39,069 inside full description aajtak_fd.py
2023-01-31 12:24:40,751 inside full description aajtak_fd.py
2023-01-31 12:24:41,665 inside full description aajtak_fd.py
2023-01-31 12:24:41,798 inside full description aajtak_fd.py
2023-01-31 12:24:41,844 inside full description aajtak_fd.py
2023-01-31 12:24:42,157 inside full description aajtak_fd.py
2023-01-31 12:24:42,581 inside full description aajtak_fd.py
2023-01-31 12:24:42,664 inside full description aajtak_fd.py
2023-01-31 12:24:42,802 inside full description aajtak_fd.py
2023-01-31 12:26:29,799 Using selector: EpollSelector selector_events.py
2023-01-31 12:26:34,021 in full description process_crawler.py
2023-01-31 12:26:34,022 https://alikhbari.net/archives/28806First process_crawler.py
2023-01-31 12:26:34,042 url inside aajtak_fd>>>> aajtak_fd.py
2023-01-31 12:26:34,055 in full description process_crawler.py
2023-01-31 12:26:34,055 https://alikhbari.net/archives/28803First process_crawler.py
2023-01-31 12:26:34,068 url inside aajtak_fd>>>> aajtak_fd.py
2023-01-31 12:26:34,076 in full description process_crawler.py
2023-01-31 12:26:34,077 https://alikhbari.net/archives/28800First process_crawler.py
2023-01-31 12:26:34,089 url inside aajtak_fd>>>> aajtak_fd.py
2023-01-31 12:26:34,096 in full description process_crawler.py
2023-01-31 12:26:34,096 https://alikhbari.net/archives/28797First process_crawler.py
2023-01-31 12:26:34,109 url inside aajtak_fd>>>> aajtak_fd.py
2023-01-31 12:26:34,116 in full description process_crawler.py
2023-01-31 12:26:34,117 https://alikhbari.net/archives/28794First process_crawler.py
2023-01-31 12:26:34,130 url inside aajtak_fd>>>> aajtak_fd.py
2023-01-31 12:26:34,137 in full description process_crawler.py
2023-01-31 12:26:34,137 https://alikhbari.net/archives/28792First process_crawler.py
2023-01-31 12:26:34,149 url inside aajtak_fd>>>> aajtak_fd.py
2023-01-31 12:26:34,158 in full description process_crawler.py
2023-01-31 12:26:34,159 https://alikhbari.net/archives/28789First process_crawler.py
2023-01-31 12:26:34,171 url inside aajtak_fd>>>> aajtak_fd.py
2023-01-31 12:26:34,179 in full description process_crawler.py
2023-01-31 12:26:34,180 https://alikhbari.net/archives/28783First process_crawler.py
2023-01-31 12:26:34,192 url inside aajtak_fd>>>> aajtak_fd.py
2023-01-31 12:26:34,200 in full description process_crawler.py
2023-01-31 12:26:34,201 https://alikhbari.net/archives/28780First process_crawler.py
2023-01-31 12:26:34,218 url inside aajtak_fd>>>> aajtak_fd.py
2023-01-31 12:26:34,228 in full description process_crawler.py
2023-01-31 12:26:34,229 https://alikhbari.net/archives/28778First process_crawler.py
2023-01-31 12:26:34,245 url inside aajtak_fd>>>> aajtak_fd.py
2023-01-31 12:26:52,680 inside full description aajtak_fd.py
2023-01-31 12:26:53,429 inside full description aajtak_fd.py
2023-01-31 12:26:54,240 inside full description aajtak_fd.py
2023-01-31 12:26:54,843 inside full description aajtak_fd.py
2023-01-31 12:26:54,850 inside full description aajtak_fd.py
2023-01-31 12:26:54,963 inside full description aajtak_fd.py
2023-01-31 12:26:54,978 inside full description aajtak_fd.py
2023-01-31 12:26:55,543 inside full description aajtak_fd.py
2023-01-31 12:26:56,160 inside full description aajtak_fd.py
2023-01-31 12:26:56,333 inside full description aajtak_fd.py
2023-01-31 12:32:17,587 Using selector: EpollSelector selector_events.py
2023-01-31 12:32:20,828 in full description process_crawler.py
2023-01-31 12:32:20,828 https://alikhbari.net/archives/28806First process_crawler.py
2023-01-31 12:32:20,851 in full description process_crawler.py
2023-01-31 12:32:20,851 https://alikhbari.net/archives/28803First process_crawler.py
2023-01-31 12:32:20,870 in full description process_crawler.py
2023-01-31 12:32:20,870 https://alikhbari.net/archives/28800First process_crawler.py
2023-01-31 12:32:20,891 in full description process_crawler.py
2023-01-31 12:32:20,893 https://alikhbari.net/archives/28797First process_crawler.py
2023-01-31 12:32:20,916 in full description process_crawler.py
2023-01-31 12:32:20,916 https://alikhbari.net/archives/28794First process_crawler.py
2023-01-31 12:32:20,935 in full description process_crawler.py
2023-01-31 12:32:20,935 https://alikhbari.net/archives/28792First process_crawler.py
2023-01-31 12:32:20,955 in full description process_crawler.py
2023-01-31 12:32:20,955 https://alikhbari.net/archives/28789First process_crawler.py
2023-01-31 12:32:20,974 in full description process_crawler.py
2023-01-31 12:32:20,975 https://alikhbari.net/archives/28783First process_crawler.py
2023-01-31 12:32:20,996 in full description process_crawler.py
2023-01-31 12:32:20,996 https://alikhbari.net/archives/28780First process_crawler.py
2023-01-31 12:32:21,017 in full description process_crawler.py
2023-01-31 12:32:21,017 https://alikhbari.net/archives/28778First process_crawler.py
2023-01-31 12:32:38,596 inside full description aajtak_fd.py
2023-01-31 12:32:39,734 inside full description aajtak_fd.py
2023-01-31 12:32:40,534 inside full description aajtak_fd.py
2023-01-31 12:32:42,255 inside full description aajtak_fd.py
2023-01-31 12:32:42,350 inside full description aajtak_fd.py
2023-01-31 12:32:42,365 inside full description aajtak_fd.py
2023-01-31 12:32:43,069 inside full description aajtak_fd.py
2023-01-31 12:32:43,254 inside full description aajtak_fd.py
2023-01-31 12:32:43,559 inside full description aajtak_fd.py
2023-01-31 12:32:43,960 inside full description aajtak_fd.py
2023-01-31 12:35:15,105 Using selector: EpollSelector selector_events.py
2023-01-31 12:35:19,062 in full description process_crawler.py
2023-01-31 12:35:19,063 https://alikhbari.net/archives/28806First process_crawler.py
2023-01-31 12:35:19,089 in full description process_crawler.py
2023-01-31 12:35:19,089 https://alikhbari.net/archives/28803First process_crawler.py
2023-01-31 12:35:19,109 in full description process_crawler.py
2023-01-31 12:35:19,110 https://alikhbari.net/archives/28800First process_crawler.py
2023-01-31 12:35:19,133 in full description process_crawler.py
2023-01-31 12:35:19,134 https://alikhbari.net/archives/28797First process_crawler.py
2023-01-31 12:35:19,160 in full description process_crawler.py
2023-01-31 12:35:19,160 https://alikhbari.net/archives/28794First process_crawler.py
2023-01-31 12:35:19,181 in full description process_crawler.py
2023-01-31 12:35:19,182 https://alikhbari.net/archives/28792First process_crawler.py
2023-01-31 12:35:19,203 in full description process_crawler.py
2023-01-31 12:35:19,204 https://alikhbari.net/archives/28789First process_crawler.py
2023-01-31 12:35:19,228 in full description process_crawler.py
2023-01-31 12:35:19,229 https://alikhbari.net/archives/28783First process_crawler.py
2023-01-31 12:35:19,252 in full description process_crawler.py
2023-01-31 12:35:19,253 https://alikhbari.net/archives/28780First process_crawler.py
2023-01-31 12:35:19,275 in full description process_crawler.py
2023-01-31 12:35:19,277 https://alikhbari.net/archives/28778First process_crawler.py
2023-01-31 12:35:37,928 inside full description aajtak_fd.py
2023-01-31 12:35:38,344 inside full description aajtak_fd.py
2023-01-31 12:35:38,678 inside full description aajtak_fd.py
2023-01-31 12:35:38,753 inside full description aajtak_fd.py
2023-01-31 12:35:39,747 inside full description aajtak_fd.py
2023-01-31 12:35:39,966 inside full description aajtak_fd.py
2023-01-31 12:35:40,567 inside full description aajtak_fd.py
2023-01-31 12:35:40,868 inside full description aajtak_fd.py
2023-01-31 12:35:41,352 inside full description aajtak_fd.py
2023-01-31 12:35:42,189 inside full description aajtak_fd.py
2023-01-31 12:41:26,572 Using selector: EpollSelector selector_events.py
2023-01-31 12:41:32,594 in full description process_crawler.py
2023-01-31 12:41:32,594 https://alikhbari.net/archives/28806First process_crawler.py
2023-01-31 12:41:32,615 in full description process_crawler.py
2023-01-31 12:41:32,615 https://alikhbari.net/archives/28803First process_crawler.py
2023-01-31 12:41:32,634 in full description process_crawler.py
2023-01-31 12:41:32,634 https://alikhbari.net/archives/28800First process_crawler.py
2023-01-31 12:41:32,653 in full description process_crawler.py
2023-01-31 12:41:32,653 https://alikhbari.net/archives/28797First process_crawler.py
2023-01-31 12:41:32,673 in full description process_crawler.py
2023-01-31 12:41:32,673 https://alikhbari.net/archives/28794First process_crawler.py
2023-01-31 12:41:32,693 in full description process_crawler.py
2023-01-31 12:41:32,693 https://alikhbari.net/archives/28792First process_crawler.py
2023-01-31 12:41:32,711 in full description process_crawler.py
2023-01-31 12:41:32,711 https://alikhbari.net/archives/28789First process_crawler.py
2023-01-31 12:41:32,732 in full description process_crawler.py
2023-01-31 12:41:32,732 https://alikhbari.net/archives/28783First process_crawler.py
2023-01-31 12:41:32,753 in full description process_crawler.py
2023-01-31 12:41:32,753 https://alikhbari.net/archives/28780First process_crawler.py
2023-01-31 12:41:32,772 in full description process_crawler.py
2023-01-31 12:41:32,772 https://alikhbari.net/archives/28778First process_crawler.py
2023-01-31 12:41:50,874 inside full description aajtak_fd.py
2023-01-31 12:41:51,959 inside full description aajtak_fd.py
2023-01-31 12:41:52,856 inside full description aajtak_fd.py
2023-01-31 12:41:53,452 inside full description aajtak_fd.py
2023-01-31 12:41:53,532 inside full description aajtak_fd.py
2023-01-31 12:41:53,570 inside full description aajtak_fd.py
2023-01-31 12:41:54,195 inside full description aajtak_fd.py
2023-01-31 12:41:54,244 inside full description aajtak_fd.py
2023-01-31 12:41:54,481 inside full description aajtak_fd.py
2023-01-31 12:41:54,501 inside full description aajtak_fd.py
2023-01-31 12:42:12,426 Using selector: EpollSelector selector_events.py
2023-01-31 12:42:15,657 in full description process_crawler.py
2023-01-31 12:42:15,657 https://alikhbari.net/archives/28806First process_crawler.py
2023-01-31 12:42:15,687 in full description process_crawler.py
2023-01-31 12:42:15,687 https://alikhbari.net/archives/28803First process_crawler.py
2023-01-31 12:42:15,710 in full description process_crawler.py
2023-01-31 12:42:15,711 https://alikhbari.net/archives/28800First process_crawler.py
2023-01-31 12:42:15,730 in full description process_crawler.py
2023-01-31 12:42:15,730 https://alikhbari.net/archives/28797First process_crawler.py
2023-01-31 12:42:15,749 in full description process_crawler.py
2023-01-31 12:42:15,750 https://alikhbari.net/archives/28794First process_crawler.py
2023-01-31 12:42:15,770 in full description process_crawler.py
2023-01-31 12:42:15,772 https://alikhbari.net/archives/28792First process_crawler.py
2023-01-31 12:42:15,793 in full description process_crawler.py
2023-01-31 12:42:15,794 https://alikhbari.net/archives/28789First process_crawler.py
2023-01-31 12:42:15,815 in full description process_crawler.py
2023-01-31 12:42:15,815 https://alikhbari.net/archives/28783First process_crawler.py
2023-01-31 12:42:15,834 in full description process_crawler.py
2023-01-31 12:42:15,835 https://alikhbari.net/archives/28780First process_crawler.py
2023-01-31 12:42:15,853 in full description process_crawler.py
2023-01-31 12:42:15,854 https://alikhbari.net/archives/28778First process_crawler.py
2023-01-31 12:42:35,296 inside full description aajtak_fd.py
2023-01-31 12:42:35,954 inside full description aajtak_fd.py
2023-01-31 12:42:37,260 inside full description aajtak_fd.py
2023-01-31 12:42:37,472 inside full description aajtak_fd.py
2023-01-31 12:42:37,667 inside full description aajtak_fd.py
2023-01-31 12:42:37,862 inside full description aajtak_fd.py
2023-01-31 12:42:38,328 inside full description aajtak_fd.py
2023-01-31 12:42:38,575 inside full description aajtak_fd.py
2023-01-31 12:42:38,695 inside full description aajtak_fd.py
2023-01-31 12:42:38,840 inside full description aajtak_fd.py
2023-01-31 13:40:15,635 Using selector: EpollSelector selector_events.py
2023-01-31 13:40:19,516 in full description process_crawler.py
2023-01-31 13:40:19,517 https://alikhbari.net/archives/28806First process_crawler.py
2023-01-31 13:40:19,547 in full description process_crawler.py
2023-01-31 13:40:19,547 https://alikhbari.net/archives/28803First process_crawler.py
2023-01-31 13:40:19,569 in full description process_crawler.py
2023-01-31 13:40:19,569 https://alikhbari.net/archives/28800First process_crawler.py
2023-01-31 13:40:19,590 in full description process_crawler.py
2023-01-31 13:40:19,590 https://alikhbari.net/archives/28797First process_crawler.py
2023-01-31 13:40:19,613 in full description process_crawler.py
2023-01-31 13:40:19,614 https://alikhbari.net/archives/28794First process_crawler.py
2023-01-31 13:40:19,635 in full description process_crawler.py
2023-01-31 13:40:19,635 https://alikhbari.net/archives/28792First process_crawler.py
2023-01-31 13:40:19,658 in full description process_crawler.py
2023-01-31 13:40:19,658 https://alikhbari.net/archives/28789First process_crawler.py
2023-01-31 13:40:19,682 in full description process_crawler.py
2023-01-31 13:40:19,683 https://alikhbari.net/archives/28783First process_crawler.py
2023-01-31 13:40:19,705 in full description process_crawler.py
2023-01-31 13:40:19,705 https://alikhbari.net/archives/28780First process_crawler.py
2023-01-31 13:40:19,727 in full description process_crawler.py
2023-01-31 13:40:19,728 https://alikhbari.net/archives/28778First process_crawler.py
2023-01-31 13:40:38,294 inside full description aajtak_fd.py
2023-01-31 13:40:40,567 inside full description aajtak_fd.py
2023-01-31 13:40:41,146 inside full description aajtak_fd.py
2023-01-31 13:40:41,346 inside full description aajtak_fd.py
2023-01-31 13:40:41,562 inside full description aajtak_fd.py
2023-01-31 13:40:42,355 inside full description aajtak_fd.py
2023-01-31 13:40:42,945 inside full description aajtak_fd.py
2023-01-31 13:40:43,575 inside full description aajtak_fd.py
2023-01-31 13:40:43,938 inside full description aajtak_fd.py
2023-01-31 13:40:45,267 inside full description aajtak_fd.py
2023-01-31 13:43:33,550 Using selector: EpollSelector selector_events.py
2023-01-31 13:43:37,682 in full description process_crawler.py
2023-01-31 13:43:37,682 https://alikhbari.net/archives/28806First process_crawler.py
2023-01-31 13:43:37,716 in full description process_crawler.py
2023-01-31 13:43:37,716 https://alikhbari.net/archives/28803First process_crawler.py
2023-01-31 13:43:37,739 in full description process_crawler.py
2023-01-31 13:43:37,739 https://alikhbari.net/archives/28800First process_crawler.py
2023-01-31 13:43:37,764 in full description process_crawler.py
2023-01-31 13:43:37,764 https://alikhbari.net/archives/28797First process_crawler.py
2023-01-31 13:43:37,787 in full description process_crawler.py
2023-01-31 13:43:37,787 https://alikhbari.net/archives/28794First process_crawler.py
2023-01-31 13:43:37,811 in full description process_crawler.py
2023-01-31 13:43:37,811 https://alikhbari.net/archives/28792First process_crawler.py
2023-01-31 13:43:37,833 in full description process_crawler.py
2023-01-31 13:43:37,833 https://alikhbari.net/archives/28789First process_crawler.py
2023-01-31 13:43:37,856 in full description process_crawler.py
2023-01-31 13:43:37,857 https://alikhbari.net/archives/28783First process_crawler.py
2023-01-31 13:43:37,880 in full description process_crawler.py
2023-01-31 13:43:37,880 https://alikhbari.net/archives/28780First process_crawler.py
2023-01-31 13:43:37,902 in full description process_crawler.py
2023-01-31 13:43:37,902 https://alikhbari.net/archives/28778First process_crawler.py
2023-01-31 13:44:02,411 inside full description aajtak_fd.py
2023-01-31 13:44:04,255 inside full description aajtak_fd.py
2023-01-31 13:44:04,348 inside full description aajtak_fd.py
2023-01-31 13:44:04,744 inside full description aajtak_fd.py
2023-01-31 13:44:04,869 inside full description aajtak_fd.py
2023-01-31 13:44:05,053 inside full description aajtak_fd.py
2023-01-31 13:44:05,153 inside full description aajtak_fd.py
2023-01-31 13:44:05,237 inside full description aajtak_fd.py
2023-01-31 13:44:05,462 inside full description aajtak_fd.py
2023-01-31 13:44:05,659 inside full description aajtak_fd.py
2023-01-31 13:46:32,390 Using selector: EpollSelector selector_events.py
2023-01-31 13:46:38,064 in full description process_crawler.py
2023-01-31 13:46:38,064 https://alikhbari.net/archives/28806First process_crawler.py
2023-01-31 13:46:38,104 in full description process_crawler.py
2023-01-31 13:46:38,104 https://alikhbari.net/archives/28803First process_crawler.py
2023-01-31 13:46:38,142 in full description process_crawler.py
2023-01-31 13:46:38,142 https://alikhbari.net/archives/28800First process_crawler.py
2023-01-31 13:46:38,173 in full description process_crawler.py
2023-01-31 13:46:38,173 https://alikhbari.net/archives/28797First process_crawler.py
2023-01-31 13:46:38,197 in full description process_crawler.py
2023-01-31 13:46:38,197 https://alikhbari.net/archives/28794First process_crawler.py
2023-01-31 13:46:38,218 in full description process_crawler.py
2023-01-31 13:46:38,218 https://alikhbari.net/archives/28792First process_crawler.py
2023-01-31 13:46:38,240 in full description process_crawler.py
2023-01-31 13:46:38,241 https://alikhbari.net/archives/28789First process_crawler.py
2023-01-31 13:46:38,265 in full description process_crawler.py
2023-01-31 13:46:38,265 https://alikhbari.net/archives/28783First process_crawler.py
2023-01-31 13:46:38,287 in full description process_crawler.py
2023-01-31 13:46:38,288 https://alikhbari.net/archives/28780First process_crawler.py
2023-01-31 13:46:38,316 in full description process_crawler.py
2023-01-31 13:46:38,316 https://alikhbari.net/archives/28778First process_crawler.py
2023-01-31 13:46:56,207 inside full description aajtak_fd.py
2023-01-31 13:46:58,032 inside full description aajtak_fd.py
2023-01-31 13:46:58,964 inside full description aajtak_fd.py
2023-01-31 13:46:59,032 inside full description aajtak_fd.py
2023-01-31 13:46:59,245 inside full description aajtak_fd.py
2023-01-31 13:46:59,641 inside full description aajtak_fd.py
2023-01-31 13:46:59,978 inside full description aajtak_fd.py
2023-01-31 13:47:00,063 inside full description aajtak_fd.py
2023-01-31 13:47:00,362 inside full description aajtak_fd.py
2023-01-31 13:47:00,390 inside full description aajtak_fd.py
2023-01-31 13:56:30,562 Using selector: EpollSelector selector_events.py
2023-01-31 13:56:34,701 in full description process_crawler.py
2023-01-31 13:56:34,701 https://alikhbari.net/archives/28806First process_crawler.py
2023-01-31 13:56:34,719 in full description process_crawler.py
2023-01-31 13:56:34,719 https://alikhbari.net/archives/28803First process_crawler.py
2023-01-31 13:56:34,746 in full description process_crawler.py
2023-01-31 13:56:34,746 https://alikhbari.net/archives/28800First process_crawler.py
2023-01-31 13:56:34,775 in full description process_crawler.py
2023-01-31 13:56:34,775 https://alikhbari.net/archives/28797First process_crawler.py
2023-01-31 13:56:34,806 in full description process_crawler.py
2023-01-31 13:56:34,806 https://alikhbari.net/archives/28794First process_crawler.py
2023-01-31 13:56:34,836 in full description process_crawler.py
2023-01-31 13:56:34,839 https://alikhbari.net/archives/28792First process_crawler.py
2023-01-31 13:56:34,866 in full description process_crawler.py
2023-01-31 13:56:34,867 https://alikhbari.net/archives/28789First process_crawler.py
2023-01-31 13:56:34,895 in full description process_crawler.py
2023-01-31 13:56:34,895 https://alikhbari.net/archives/28783First process_crawler.py
2023-01-31 13:56:34,921 in full description process_crawler.py
2023-01-31 13:56:34,921 https://alikhbari.net/archives/28780First process_crawler.py
2023-01-31 13:56:34,944 in full description process_crawler.py
2023-01-31 13:56:34,944 https://alikhbari.net/archives/28778First process_crawler.py
2023-01-31 13:56:52,596 inside full description aajtak_fd.py
2023-01-31 13:56:53,149 inside full description aajtak_fd.py
2023-01-31 13:56:55,048 inside full description aajtak_fd.py
2023-01-31 13:56:55,144 inside full description aajtak_fd.py
2023-01-31 13:56:56,654 inside full description aajtak_fd.py
2023-01-31 13:56:56,945 inside full description aajtak_fd.py
2023-01-31 13:56:57,071 inside full description aajtak_fd.py
2023-01-31 13:56:57,358 inside full description aajtak_fd.py
2023-01-31 13:56:57,459 inside full description aajtak_fd.py
2023-01-31 13:56:57,476 inside full description aajtak_fd.py
2023-01-31 13:58:28,350 Using selector: EpollSelector selector_events.py
2023-01-31 13:58:32,427 in full description process_crawler.py
2023-01-31 13:58:32,427 https://alikhbari.net/archives/28806First process_crawler.py
2023-01-31 13:58:32,449 in full description process_crawler.py
2023-01-31 13:58:32,449 https://alikhbari.net/archives/28803First process_crawler.py
2023-01-31 13:58:32,474 in full description process_crawler.py
2023-01-31 13:58:32,474 https://alikhbari.net/archives/28800First process_crawler.py
2023-01-31 13:58:32,495 in full description process_crawler.py
2023-01-31 13:58:32,497 https://alikhbari.net/archives/28797First process_crawler.py
2023-01-31 13:58:32,521 in full description process_crawler.py
2023-01-31 13:58:32,523 https://alikhbari.net/archives/28794First process_crawler.py
2023-01-31 13:58:32,545 in full description process_crawler.py
2023-01-31 13:58:32,546 https://alikhbari.net/archives/28792First process_crawler.py
2023-01-31 13:58:32,569 in full description process_crawler.py
2023-01-31 13:58:32,570 https://alikhbari.net/archives/28789First process_crawler.py
2023-01-31 13:58:32,593 in full description process_crawler.py
2023-01-31 13:58:32,594 https://alikhbari.net/archives/28783First process_crawler.py
2023-01-31 13:58:32,615 in full description process_crawler.py
2023-01-31 13:58:32,615 https://alikhbari.net/archives/28780First process_crawler.py
2023-01-31 13:58:32,637 in full description process_crawler.py
2023-01-31 13:58:32,638 https://alikhbari.net/archives/28778First process_crawler.py
2023-01-31 13:58:52,088 inside full description aajtak_fd.py
2023-01-31 13:58:53,536 inside full description aajtak_fd.py
2023-01-31 13:58:53,834 inside full description aajtak_fd.py
2023-01-31 13:58:53,851 inside full description aajtak_fd.py
2023-01-31 13:58:54,350 inside full description aajtak_fd.py
2023-01-31 13:58:54,440 inside full description aajtak_fd.py
2023-01-31 13:58:54,964 inside full description aajtak_fd.py
2023-01-31 13:58:55,248 inside full description aajtak_fd.py
2023-01-31 13:58:55,328 inside full description aajtak_fd.py
2023-01-31 13:58:55,389 inside full description aajtak_fd.py
2023-01-31 14:00:05,206 Using selector: EpollSelector selector_events.py
2023-01-31 14:00:08,430 in full description process_crawler.py
2023-01-31 14:00:08,430 https://alikhbari.net/archives/28806First process_crawler.py
2023-01-31 14:00:08,457 in full description process_crawler.py
2023-01-31 14:00:08,458 https://alikhbari.net/archives/28803First process_crawler.py
2023-01-31 14:00:08,479 in full description process_crawler.py
2023-01-31 14:00:08,479 https://alikhbari.net/archives/28800First process_crawler.py
2023-01-31 14:00:08,501 in full description process_crawler.py
2023-01-31 14:00:08,502 https://alikhbari.net/archives/28797First process_crawler.py
2023-01-31 14:00:08,528 in full description process_crawler.py
2023-01-31 14:00:08,528 https://alikhbari.net/archives/28794First process_crawler.py
2023-01-31 14:00:08,553 in full description process_crawler.py
2023-01-31 14:00:08,555 https://alikhbari.net/archives/28792First process_crawler.py
2023-01-31 14:00:08,579 in full description process_crawler.py
2023-01-31 14:00:08,580 https://alikhbari.net/archives/28789First process_crawler.py
2023-01-31 14:00:08,602 in full description process_crawler.py
2023-01-31 14:00:08,604 https://alikhbari.net/archives/28783First process_crawler.py
2023-01-31 14:00:08,627 in full description process_crawler.py
2023-01-31 14:00:08,628 https://alikhbari.net/archives/28780First process_crawler.py
2023-01-31 14:00:08,650 in full description process_crawler.py
2023-01-31 14:00:08,650 https://alikhbari.net/archives/28778First process_crawler.py
2023-01-31 14:00:25,696 inside full description aajtak_fd.py
2023-01-31 14:00:26,562 inside full description aajtak_fd.py
2023-01-31 14:00:27,171 inside full description aajtak_fd.py
2023-01-31 14:00:27,248 inside full description aajtak_fd.py
2023-01-31 14:00:27,345 inside full description aajtak_fd.py
2023-01-31 14:00:27,567 inside full description aajtak_fd.py
2023-01-31 14:00:27,777 inside full description aajtak_fd.py
2023-01-31 14:00:29,038 inside full description aajtak_fd.py
2023-01-31 14:00:29,163 inside full description aajtak_fd.py
2023-01-31 14:00:29,298 inside full description aajtak_fd.py
2023-03-17 13:53:01,721 Using selector: EpollSelector selector_events.py
2023-03-17 13:53:01,859 Unhandled error in Deferred: _legacy.py
2023-03-17 13:53:01,859 Unhandled error in Deferred: _legacy.py
2023-03-17 13:53:01,860  _legacy.py
Traceback (most recent call last):
  File "/home/roopchand/test/scrapyTest/testenv/lib/python3.8/site-packages/scrapy/utils/misc.py", line 65, in load_object
    obj = getattr(mod, name)
AttributeError: partially initialized module 'mauritaniaFeeds.pipelines' has no attribute 'MauritaniafeedsPipeline' (most likely due to a circular import)

During handling of the above exception, another exception occurred:

Traceback (most recent call last):
  File "/home/roopchand/test/scrapyTest/testenv/lib/python3.8/site-packages/twisted/internet/defer.py", line 1697, in _inlineCallbacks
    result = context.run(gen.send, result)
  File "/home/roopchand/test/scrapyTest/testenv/lib/python3.8/site-packages/scrapy/crawler.py", line 116, in crawl
    self.engine = self._create_engine()
  File "/home/roopchand/test/scrapyTest/testenv/lib/python3.8/site-packages/scrapy/crawler.py", line 130, in _create_engine
    return ExecutionEngine(self, lambda _: self.stop())
  File "/home/roopchand/test/scrapyTest/testenv/lib/python3.8/site-packages/scrapy/core/engine.py", line 84, in __init__
    self.scraper = Scraper(crawler)
  File "/home/roopchand/test/scrapyTest/testenv/lib/python3.8/site-packages/scrapy/core/scraper.py", line 82, in __init__
    self.itemproc = itemproc_cls.from_crawler(crawler)
  File "/home/roopchand/test/scrapyTest/testenv/lib/python3.8/site-packages/scrapy/middleware.py", line 60, in from_crawler
    return cls.from_settings(crawler.settings, crawler)
  File "/home/roopchand/test/scrapyTest/testenv/lib/python3.8/site-packages/scrapy/middleware.py", line 41, in from_settings
    mwcls = load_object(clspath)
  File "/home/roopchand/test/scrapyTest/testenv/lib/python3.8/site-packages/scrapy/utils/misc.py", line 67, in load_object
    raise NameError(f"Module '{module}' doesn't define any object named '{name}'")
NameError: Module 'mauritaniaFeeds.pipelines' doesn't define any object named 'MauritaniafeedsPipeline'
2023-03-17 13:53:01,861  _legacy.py
Traceback (most recent call last):
  File "/home/roopchand/test/scrapyTest/testenv/lib/python3.8/site-packages/scrapy/utils/misc.py", line 65, in load_object
    obj = getattr(mod, name)
AttributeError: partially initialized module 'mauritaniaFeeds.pipelines' has no attribute 'MauritaniafeedsPipeline' (most likely due to a circular import)

During handling of the above exception, another exception occurred:

Traceback (most recent call last):
  File "/home/roopchand/test/scrapyTest/testenv/lib/python3.8/site-packages/twisted/internet/defer.py", line 1697, in _inlineCallbacks
    result = context.run(gen.send, result)
  File "/home/roopchand/test/scrapyTest/testenv/lib/python3.8/site-packages/scrapy/crawler.py", line 116, in crawl
    self.engine = self._create_engine()
  File "/home/roopchand/test/scrapyTest/testenv/lib/python3.8/site-packages/scrapy/crawler.py", line 130, in _create_engine
    return ExecutionEngine(self, lambda _: self.stop())
  File "/home/roopchand/test/scrapyTest/testenv/lib/python3.8/site-packages/scrapy/core/engine.py", line 84, in __init__
    self.scraper = Scraper(crawler)
  File "/home/roopchand/test/scrapyTest/testenv/lib/python3.8/site-packages/scrapy/core/scraper.py", line 82, in __init__
    self.itemproc = itemproc_cls.from_crawler(crawler)
  File "/home/roopchand/test/scrapyTest/testenv/lib/python3.8/site-packages/scrapy/middleware.py", line 60, in from_crawler
    return cls.from_settings(crawler.settings, crawler)
  File "/home/roopchand/test/scrapyTest/testenv/lib/python3.8/site-packages/scrapy/middleware.py", line 41, in from_settings
    mwcls = load_object(clspath)
  File "/home/roopchand/test/scrapyTest/testenv/lib/python3.8/site-packages/scrapy/utils/misc.py", line 67, in load_object
    raise NameError(f"Module '{module}' doesn't define any object named '{name}'")
NameError: Module 'mauritaniaFeeds.pipelines' doesn't define any object named 'MauritaniafeedsPipeline'
