2023-02-02 12:29:20,854 Using selector: EpollSelector selector_events.py
2023-02-02 12:29:20,936 Using selector: EpollSelector selector_events.py
2023-03-17 13:51:57,692 Using selector: EpollSelector selector_events.py
2023-03-17 13:51:57,906 Unhandled error in Deferred: _legacy.py
2023-03-17 13:51:57,906 Unhandled error in Deferred: _legacy.py
2023-03-17 13:51:57,907  _legacy.py
Traceback (most recent call last):
  File "/home/roopchand/test/scrapyTest/testenv/lib/python3.8/site-packages/scrapy/utils/misc.py", line 65, in load_object
    obj = getattr(mod, name)
AttributeError: partially initialized module 'mauritaniaFeeds.pipelines' has no attribute 'MauritaniafeedsPipeline' (most likely due to a circular import)

During handling of the above exception, another exception occurred:

Traceback (most recent call last):
  File "/home/roopchand/test/scrapyTest/testenv/lib/python3.8/site-packages/twisted/internet/defer.py", line 1697, in _inlineCallbacks
    result = context.run(gen.send, result)
  File "/home/roopchand/test/scrapyTest/testenv/lib/python3.8/site-packages/scrapy/crawler.py", line 116, in crawl
    self.engine = self._create_engine()
  File "/home/roopchand/test/scrapyTest/testenv/lib/python3.8/site-packages/scrapy/crawler.py", line 130, in _create_engine
    return ExecutionEngine(self, lambda _: self.stop())
  File "/home/roopchand/test/scrapyTest/testenv/lib/python3.8/site-packages/scrapy/core/engine.py", line 84, in __init__
    self.scraper = Scraper(crawler)
  File "/home/roopchand/test/scrapyTest/testenv/lib/python3.8/site-packages/scrapy/core/scraper.py", line 82, in __init__
    self.itemproc = itemproc_cls.from_crawler(crawler)
  File "/home/roopchand/test/scrapyTest/testenv/lib/python3.8/site-packages/scrapy/middleware.py", line 60, in from_crawler
    return cls.from_settings(crawler.settings, crawler)
  File "/home/roopchand/test/scrapyTest/testenv/lib/python3.8/site-packages/scrapy/middleware.py", line 41, in from_settings
    mwcls = load_object(clspath)
  File "/home/roopchand/test/scrapyTest/testenv/lib/python3.8/site-packages/scrapy/utils/misc.py", line 67, in load_object
    raise NameError(f"Module '{module}' doesn't define any object named '{name}'")
NameError: Module 'mauritaniaFeeds.pipelines' doesn't define any object named 'MauritaniafeedsPipeline'
2023-03-17 13:51:57,908  _legacy.py
Traceback (most recent call last):
  File "/home/roopchand/test/scrapyTest/testenv/lib/python3.8/site-packages/scrapy/utils/misc.py", line 65, in load_object
    obj = getattr(mod, name)
AttributeError: partially initialized module 'mauritaniaFeeds.pipelines' has no attribute 'MauritaniafeedsPipeline' (most likely due to a circular import)

During handling of the above exception, another exception occurred:

Traceback (most recent call last):
  File "/home/roopchand/test/scrapyTest/testenv/lib/python3.8/site-packages/twisted/internet/defer.py", line 1697, in _inlineCallbacks
    result = context.run(gen.send, result)
  File "/home/roopchand/test/scrapyTest/testenv/lib/python3.8/site-packages/scrapy/crawler.py", line 116, in crawl
    self.engine = self._create_engine()
  File "/home/roopchand/test/scrapyTest/testenv/lib/python3.8/site-packages/scrapy/crawler.py", line 130, in _create_engine
    return ExecutionEngine(self, lambda _: self.stop())
  File "/home/roopchand/test/scrapyTest/testenv/lib/python3.8/site-packages/scrapy/core/engine.py", line 84, in __init__
    self.scraper = Scraper(crawler)
  File "/home/roopchand/test/scrapyTest/testenv/lib/python3.8/site-packages/scrapy/core/scraper.py", line 82, in __init__
    self.itemproc = itemproc_cls.from_crawler(crawler)
  File "/home/roopchand/test/scrapyTest/testenv/lib/python3.8/site-packages/scrapy/middleware.py", line 60, in from_crawler
    return cls.from_settings(crawler.settings, crawler)
  File "/home/roopchand/test/scrapyTest/testenv/lib/python3.8/site-packages/scrapy/middleware.py", line 41, in from_settings
    mwcls = load_object(clspath)
  File "/home/roopchand/test/scrapyTest/testenv/lib/python3.8/site-packages/scrapy/utils/misc.py", line 67, in load_object
    raise NameError(f"Module '{module}' doesn't define any object named '{name}'")
NameError: Module 'mauritaniaFeeds.pipelines' doesn't define any object named 'MauritaniafeedsPipeline'
